Done.
[ RCRS ADF Version 2.2.0 (build 20170213T054156Z) ]

[START ] Connect to server (host:localhost, port:7000)
[INFO  ] Connected - adf.agent.platoon.PlatoonFire@1d36d421 (NON_PRECOMPUTE)
[INFO  ] Connected - adf.agent.office.OfficeAmbulance@7b5ed874 (NON_PRECOMPUTE)
[INFO  ] Connected - adf.agent.office.OfficeFire@46116da2 (NON_PRECOMPUTE)
[INFO  ] Connected - adf.agent.platoon.PlatoonPolice@7c937077 (NON_PRECOMPUTE)
[INFO  ] Connected - adf.agent.office.OfficePolice@13d1c27c (NON_PRECOMPUTE)
[INFO  ] Connected - adf.agent.platoon.PlatoonAmbulance@6b9f4c8b (NON_PRECOMPUTE)
[FINISH] Connect FireStation (success:1)
[FINISH] Connect PoliceOffice (success:1)
[SampleKMeans] Cluster : 10
[SampleKMeans] Cluster : 10
[SampleKMeans] Cluster : 10
[INFO  ] Connected - adf.agent.office.OfficeAmbulance@113fe428 (NON_PRECOMPUTE)
[FINISH] Connect AmbulanceCentre (success:2)
[INFO  ] Connected - adf.agent.platoon.PlatoonFire@6341f26 (NON_PRECOMPUTE)
[SampleKMeans] Cluster : 10
[INFO  ] Connected - adf.agent.platoon.PlatoonAmbulance@430114b3 (NON_PRECOMPUTE)
[SampleKMeans] Cluster : 10
[INFO  ] Connected - adf.agent.platoon.PlatoonPolice@1948177e (NON_PRECOMPUTE)
[SampleKMeans] Cluster : 10
[INFO  ] Connected - adf.agent.platoon.PlatoonAmbulance@3f265334 (NON_PRECOMPUTE)
[SampleKMeans] Cluster : 10
[INFO  ] Connected - adf.agent.platoon.PlatoonPolice@34641916 (NON_PRECOMPUTE)
[SampleKMeans] Cluster : 10
[INFO  ] Connected - adf.agent.platoon.PlatoonFire@74e40a75 (NON_PRECOMPUTE)
[SampleKMeans] Cluster : 10
[INFO  ] Connected - adf.agent.platoon.PlatoonAmbulance@2b8c0027 (NON_PRECOMPUTE)
[SampleKMeans] Cluster : 10
[INFO  ] Connected - adf.agent.platoon.PlatoonPolice@257b84b2 (NON_PRECOMPUTE)
[SampleKMeans] Cluster : 10
[INFO  ] Connected - adf.agent.platoon.PlatoonFire@79ec0563 (NON_PRECOMPUTE)
[SampleKMeans] Cluster : 10
[INFO  ] Connected - adf.agent.platoon.PlatoonAmbulance@1e47bc90 (NON_PRECOMPUTE)
[SampleKMeans] Cluster : 10
[INFO  ] Connected - adf.agent.platoon.PlatoonPolice@4f6f26c (NON_PRECOMPUTE)
[SampleKMeans] Cluster : 10
[INFO  ] Connected - adf.agent.platoon.PlatoonFire@60b49345 (NON_PRECOMPUTE)
[SampleKMeans] Cluster : 10
[INFO  ] Connected - adf.agent.platoon.PlatoonAmbulance@19b60c1d (NON_PRECOMPUTE)
[SampleKMeans] Cluster : 10
[INFO  ] Connected - adf.agent.platoon.PlatoonPolice@4de0b43c (NON_PRECOMPUTE)
[SampleKMeans] Cluster : 10
[INFO  ] Connected - adf.agent.platoon.PlatoonFire@60e604af (NON_PRECOMPUTE)
[SampleKMeans] Cluster : 10
[INFO  ] Connected - adf.agent.platoon.PlatoonAmbulance@560188ff (NON_PRECOMPUTE)
[SampleKMeans] Cluster : 10
[INFO  ] Connected - adf.agent.platoon.PlatoonPolice@6ac14321 (NON_PRECOMPUTE)
[SampleKMeans] Cluster : 10
[INFO  ] Connected - adf.agent.platoon.PlatoonFire@73dd67d5 (NON_PRECOMPUTE)
[SampleKMeans] Cluster : 10
[INFO  ] Connected - adf.agent.platoon.PlatoonAmbulance@248d1815 (NON_PRECOMPUTE)
[SampleKMeans] Cluster : 10
[INFO  ] Connected - adf.agent.platoon.PlatoonPolice@536ce99c (NON_PRECOMPUTE)
[SampleKMeans] Cluster : 10
[INFO  ] Connected - adf.agent.platoon.PlatoonFire@2fbfd73d (NON_PRECOMPUTE)
[SampleKMeans] Cluster : 10
[INFO  ] Connected - adf.agent.platoon.PlatoonAmbulance@7e781b53 (NON_PRECOMPUTE)
[SampleKMeans] Cluster : 10
[INFO  ] Connected - adf.agent.platoon.PlatoonPolice@35319d66 (NON_PRECOMPUTE)
[SampleKMeans] Cluster : 10
[INFO  ] Connected - adf.agent.platoon.PlatoonFire@2abb17a6 (NON_PRECOMPUTE)
[SampleKMeans] Cluster : 10
[FINISH] Connect AmbulanceTeam (success:9)
[INFO  ] Connected - adf.agent.platoon.PlatoonPolice@42ed48c6 (NON_PRECOMPUTE)
[SampleKMeans] Cluster : 10
[INFO  ] Connected - adf.agent.platoon.PlatoonFire@57bd5c4a (NON_PRECOMPUTE)
[SampleKMeans] Cluster : 10
[INFO  ] Connected - adf.agent.platoon.PlatoonPolice@4b106e38 (NON_PRECOMPUTE)
[SampleKMeans] Cluster : 10
[INFO  ] Connected - adf.agent.platoon.PlatoonFire@8b54ca8 (NON_PRECOMPUTE)
[SampleKMeans] Cluster : 10
[INFO  ] Connected - adf.agent.platoon.PlatoonPolice@546b2fb6 (NON_PRECOMPUTE)
[SampleKMeans] Cluster : 10
[INFO  ] Connected - adf.agent.platoon.PlatoonFire@346bdc7c (NON_PRECOMPUTE)
[SampleKMeans] Cluster : 10
[INFO  ] Connected - adf.agent.platoon.PlatoonPolice@44dba17e (NON_PRECOMPUTE)
[SampleKMeans] Cluster : 10
[INFO  ] Connected - adf.agent.platoon.PlatoonFire@1bc03096 (NON_PRECOMPUTE)
[SampleKMeans] Cluster : 10
[INFO  ] Connected - adf.agent.platoon.PlatoonPolice@21c34038 (NON_PRECOMPUTE)
[SampleKMeans] Cluster : 10
[INFO  ] Connected - adf.agent.platoon.PlatoonFire@5bd9a2b9 (NON_PRECOMPUTE)
[SampleKMeans] Cluster : 10
[INFO  ] Connected - adf.agent.platoon.PlatoonPolice@351223e1 (NON_PRECOMPUTE)
[SampleKMeans] Cluster : 10
[INFO  ] Connected - adf.agent.platoon.PlatoonFire@229ddce9 (NON_PRECOMPUTE)
[SampleKMeans] Cluster : 10
[INFO  ] Connected - adf.agent.platoon.PlatoonPolice@4a2867 (NON_PRECOMPUTE)
[SampleKMeans] Cluster : 10
[INFO  ] Connected - adf.agent.platoon.PlatoonFire@26941456 (NON_PRECOMPUTE)
[SampleKMeans] Cluster : 10
[INFO  ] Connected - adf.agent.platoon.PlatoonPolice@7bd7533 (NON_PRECOMPUTE)
[SampleKMeans] Cluster : 10
[INFO  ] Connected - adf.agent.platoon.PlatoonFire@49572004 (NON_PRECOMPUTE)
[SampleKMeans] Cluster : 10
[INFO  ] Connected - adf.agent.platoon.PlatoonPolice@37c47842 (NON_PRECOMPUTE)
[SampleKMeans] Cluster : 10
[INFO  ] Connected - adf.agent.platoon.PlatoonFire@68529338 (NON_PRECOMPUTE)
[SampleKMeans] Cluster : 10
[INFO  ] Connected - adf.agent.platoon.PlatoonPolice@14b0c1c3 (NON_PRECOMPUTE)
[SampleKMeans] Cluster : 10
[FINISH] Connect FireBrigade (success:18)
[FINISH] Connect PoliceForce (success:19)
[FINISH] Done connecting to server (50 agents)
